#
# There is insufficient memory for the Java Runtime Environment to continue.
# Native memory allocation (malloc) failed to allocate 1342576 bytes for Chunk::new
# Possible reasons:
#   The system is out of physical RAM or swap space
#   The process is running with CompressedOops enabled, and the Java Heap may be blocking the growth of the native heap
# Possible solutions:
#   Reduce memory load on the system
#   Increase physical memory or swap space
#   Check if swap backing store is full
#   Decrease Java heap size (-Xmx/-Xms)
#   Decrease number of Java threads
#   Decrease Java thread stack sizes (-Xss)
#   Set larger code cache with -XX:ReservedCodeCacheSize=
#   JVM is running with Unscaled Compressed Oops mode in which the Java heap is
#     placed in the first 4GB address space. The Java Heap base address is the
#     maximum limit for the native heap growth. Please use -XX:HeapBaseMinAddress
#     to set the Java Heap base and to place the Java Heap above 4GB virtual address.
# This output file may be truncated or incomplete.
#
#  Out of Memory Error (allocation.cpp:389), pid=18428, tid=0x0000000000013d64
#
# JRE version: Java(TM) SE Runtime Environment (8.0_241-b07) (build 1.8.0_241-b07)
# Java VM: Java HotSpot(TM) 64-Bit Server VM (25.241-b07 mixed mode windows-amd64 compressed oops)
# Failed to write core dump. Minidumps are not enabled by default on client versions of Windows
#

---------------  T H R E A D  ---------------

Current thread (0x0000000019823800):  JavaThread "C2 CompilerThread1" daemon [_thread_in_native, id=81252, stack(0x000000001a000000,0x000000001a100000)]

Stack: [0x000000001a000000,0x000000001a100000]
[error occurred during error reporting (printing stack bounds), id 0xc0000005]

Native frames: (J=compiled Java code, j=interpreted, Vv=VM code, C=native code)


Current CompileTask:
C2:  36836 4598       4       org.springframework.core.BridgeMethodResolver::findBridgedMethod (117 bytes)


---------------  P R O C E S S  ---------------

Java Threads: ( => current thread )
  0x000000001937d000 JavaThread "HikariPool-1 housekeeper" daemon [_thread_blocked, id=4940, stack(0x000000001e140000,0x000000001e240000)]
  0x000000001aa4e000 JavaThread "mysql-cj-abandoned-connection-cleanup" daemon [_thread_blocked, id=50596, stack(0x000000001b750000,0x000000001b850000)]
  0x0000000019b41000 JavaThread "ReaderThread" [_thread_in_native, id=80208, stack(0x000000001a400000,0x000000001a500000)]
  0x00000000198ba800 JavaThread "Service Thread" daemon [_thread_blocked, id=13628, stack(0x000000001a200000,0x000000001a300000)]
  0x000000001980f000 JavaThread "C1 CompilerThread2" daemon [_thread_blocked, id=76016, stack(0x000000001a100000,0x000000001a200000)]
=>0x0000000019823800 JavaThread "C2 CompilerThread1" daemon [_thread_in_native, id=81252, stack(0x000000001a000000,0x000000001a100000)]
  0x0000000019821800 JavaThread "C2 CompilerThread0" daemon [_thread_in_native, id=7508, stack(0x0000000019f00000,0x000000001a000000)]
  0x0000000017693800 JavaThread "JDWP Command Reader" daemon [_thread_in_native, id=81940, stack(0x0000000019200000,0x0000000019300000)]
  0x0000000017692800 JavaThread "JDWP Event Helper Thread" daemon [_thread_blocked, id=79788, stack(0x0000000019100000,0x0000000019200000)]
  0x000000001768e800 JavaThread "JDWP Transport Listener: dt_socket" daemon [_thread_blocked, id=79904, stack(0x0000000019000000,0x0000000019100000)]
  0x000000001767a800 JavaThread "Attach Listener" daemon [_thread_blocked, id=76320, stack(0x0000000018bc0000,0x0000000018cc0000)]
  0x0000000017679000 JavaThread "Signal Dispatcher" daemon [_thread_blocked, id=11160, stack(0x0000000018ac0000,0x0000000018bc0000)]
  0x0000000017660000 JavaThread "Finalizer" daemon [_thread_blocked, id=18404, stack(0x00000000188c0000,0x00000000189c0000)]
  0x00000000029c9000 JavaThread "Reference Handler" daemon [_thread_blocked, id=12376, stack(0x00000000187c0000,0x00000000188c0000)]
  0x00000000028ce000 JavaThread "main" [_thread_in_native, id=16640, stack(0x00000000027c0000,0x00000000028c0000)]

Other Threads:
  0x0000000017637000 VMThread [stack: 0x00000000186c0000,0x00000000187c0000] [id=76624]
  0x000000001991e800 WatcherThread [stack: 0x000000001a300000,0x000000001a400000] [id=1760]

VM state:not at safepoint (normal execution)

VM Mutex/Monitor currently owned by a thread: None

heap address: 0x0000000081800000, size: 2024 MB, Compressed Oops mode: 32-bit
Narrow klass base: 0x0000000000000000, Narrow klass shift: 3
Compressed class space size: 1073741824 Address: 0x0000000100000000

Heap:
 PSYoungGen      total 161792K, used 19651K [0x00000000d5d80000, 0x00000000e3d00000, 0x0000000100000000)
  eden space 150016K, 7% used [0x00000000d5d80000,0x00000000d6861fd0,0x00000000df000000)
  from space 11776K, 72% used [0x00000000e3180000,0x00000000e39cecb8,0x00000000e3d00000)
  to   space 9728K, 0% used [0x00000000df000000,0x00000000df000000,0x00000000df980000)
 ParOldGen       total 69632K, used 21175K [0x0000000081800000, 0x0000000085c00000, 0x00000000d5d80000)
  object space 69632K, 30% used [0x0000000081800000,0x0000000082cadef8,0x0000000085c00000)
 Metaspace       used 51492K, capacity 53916K, committed 54144K, reserved 1095680K
  class space    used 7053K, capacity 7475K, committed 7552K, reserved 1048576K

Card table byte_map: [0x0000000011eb0000,0x00000000122b0000] byte_map_base: 0x0000000011aa4000

Marking Bits: (ParMarkBitMap*) 0x0000000067febe30
 Begin Bits: [0x0000000012960000, 0x0000000014900000)
 End Bits:   [0x0000000014900000, 0x00000000168a0000)

Polling page: 0x0000000000f20000

CodeCache: size=245760Kb used=15715Kb max_used=15715Kb free=230044Kb
 bounds [0x0000000002af0000, 0x0000000003a90000, 0x0000000011af0000]
 total_blobs=4603 nmethods=4055 adapters=467
 compilation: enabled

Compilation events (10 events):
Event: 36.789 Thread 0x000000001980f000 4621       3       java.lang.invoke.LambdaMetafactory::metafactory (35 bytes)
Event: 36.790 Thread 0x000000001980f000 nmethod 4621 0x000000000379dcd0 code [0x000000000379de60, 0x000000000379e188]
Event: 36.814 Thread 0x000000001980f000 4622       3       org.springframework.core.MethodParameter::getParameterType (48 bytes)
Event: 36.815 Thread 0x000000001980f000 nmethod 4622 0x000000000379d090 code [0x000000000379d260, 0x000000000379da58]
Event: 36.822 Thread 0x000000001980f000 4623   !   3       org.springframework.core.annotation.AnnotationsScanner::processElement (47 bytes)
Event: 36.823 Thread 0x000000001980f000 nmethod 4623 0x000000000379c910 code [0x000000000379caa0, 0x000000000379ceb8]
Event: 36.826 Thread 0x000000001980f000 4624       3       java.util.LinkedHashMap::entrySet (27 bytes)
Event: 36.826 Thread 0x000000001980f000 nmethod 4624 0x000000000379c210 code [0x000000000379c3a0, 0x000000000379c750]
Event: 36.829 Thread 0x000000001980f000 4625       3       java.util.LinkedHashMap$LinkedEntrySet::iterator (12 bytes)
Event: 36.830 Thread 0x000000001980f000 nmethod 4625 0x000000000379bc10 code [0x000000000379bd80, 0x000000000379c090]

GC Heap History (10 events):
Event: 20.780 GC heap before
{Heap before GC invocations=10 (full 1):
 PSYoungGen      total 114688K, used 114358K [0x00000000d5d80000, 0x00000000dd900000, 0x0000000100000000)
  eden space 109056K, 100% used [0x00000000d5d80000,0x00000000dc800000,0x00000000dc800000)
  from space 5632K, 94% used [0x00000000dd380000,0x00000000dd8adbf8,0x00000000dd900000)
  to   space 8192K, 0% used [0x00000000dc900000,0x00000000dc900000,0x00000000dd100000)
 ParOldGen       total 48128K, used 5529K [0x0000000081800000, 0x0000000084700000, 0x00000000d5d80000)
  object space 48128K, 11% used [0x0000000081800000,0x0000000081d66408,0x0000000084700000)
 Metaspace       used 29886K, capacity 31230K, committed 31360K, reserved 1077248K
  class space    used 3879K, capacity 4164K, committed 4224K, reserved 1048576K
Event: 20.792 GC heap after
Heap after GC invocations=10 (full 1):
 PSYoungGen      total 118272K, used 8166K [0x00000000d5d80000, 0x00000000e0480000, 0x0000000100000000)
  eden space 110080K, 0% used [0x00000000d5d80000,0x00000000d5d80000,0x00000000dc900000)
  from space 8192K, 99% used [0x00000000dc900000,0x00000000dd0f9b50,0x00000000dd100000)
  to   space 9216K, 0% used [0x00000000dfb80000,0x00000000dfb80000,0x00000000e0480000)
 ParOldGen       total 48128K, used 5704K [0x0000000081800000, 0x0000000084700000, 0x00000000d5d80000)
  object space 48128K, 11% used [0x0000000081800000,0x0000000081d923f8,0x0000000084700000)
 Metaspace       used 29886K, capacity 31230K, committed 31360K, reserved 1077248K
  class space    used 3879K, capacity 4164K, committed 4224K, reserved 1048576K
}
Event: 23.439 GC heap before
{Heap before GC invocations=11 (full 1):
 PSYoungGen      total 118272K, used 93219K [0x00000000d5d80000, 0x00000000e0480000, 0x0000000100000000)
  eden space 110080K, 77% used [0x00000000d5d80000,0x00000000db08f0e8,0x00000000dc900000)
  from space 8192K, 99% used [0x00000000dc900000,0x00000000dd0f9b50,0x00000000dd100000)
  to   space 9216K, 0% used [0x00000000dfb80000,0x00000000dfb80000,0x00000000e0480000)
 ParOldGen       total 48128K, used 5704K [0x0000000081800000, 0x0000000084700000, 0x00000000d5d80000)
  object space 48128K, 11% used [0x0000000081800000,0x0000000081d923f8,0x0000000084700000)
 Metaspace       used 34057K, capacity 35414K, committed 35496K, reserved 1079296K
  class space    used 4530K, capacity 4838K, committed 4864K, reserved 1048576K
Event: 23.449 GC heap after
Heap after GC invocations=11 (full 1):
 PSYoungGen      total 157696K, used 7387K [0x00000000d5d80000, 0x00000000e0300000, 0x0000000100000000)
  eden space 150016K, 0% used [0x00000000d5d80000,0x00000000d5d80000,0x00000000df000000)
  from space 7680K, 96% used [0x00000000dfb80000,0x00000000e02b6cc8,0x00000000e0300000)
  to   space 9728K, 0% used [0x00000000df000000,0x00000000df000000,0x00000000df980000)
 ParOldGen       total 48128K, used 7236K [0x0000000081800000, 0x0000000084700000, 0x00000000d5d80000)
  object space 48128K, 15% used [0x0000000081800000,0x0000000081f11250,0x0000000084700000)
 Metaspace       used 34057K, capacity 35414K, committed 35496K, reserved 1079296K
  class space    used 4530K, capacity 4838K, committed 4864K, reserved 1048576K
}
Event: 23.450 GC heap before
{Heap before GC invocations=12 (full 2):
 PSYoungGen      total 157696K, used 7387K [0x00000000d5d80000, 0x00000000e0300000, 0x0000000100000000)
  eden space 150016K, 0% used [0x00000000d5d80000,0x00000000d5d80000,0x00000000df000000)
  from space 7680K, 96% used [0x00000000dfb80000,0x00000000e02b6cc8,0x00000000e0300000)
  to   space 9728K, 0% used [0x00000000df000000,0x00000000df000000,0x00000000df980000)
 ParOldGen       total 48128K, used 7236K [0x0000000081800000, 0x0000000084700000, 0x00000000d5d80000)
  object space 48128K, 15% used [0x0000000081800000,0x0000000081f11250,0x0000000084700000)
 Metaspace       used 34057K, capacity 35414K, committed 35496K, reserved 1079296K
  class space    used 4530K, capacity 4838K, committed 4864K, reserved 1048576K
Event: 23.552 GC heap after
Heap after GC invocations=12 (full 2):
 PSYoungGen      total 157696K, used 0K [0x00000000d5d80000, 0x00000000e0300000, 0x0000000100000000)
  eden space 150016K, 0% used [0x00000000d5d80000,0x00000000d5d80000,0x00000000df000000)
  from space 7680K, 0% used [0x00000000dfb80000,0x00000000dfb80000,0x00000000e0300000)
  to   space 9728K, 0% used [0x00000000df000000,0x00000000df000000,0x00000000df980000)
 ParOldGen       total 69632K, used 13337K [0x0000000081800000, 0x0000000085c00000, 0x00000000d5d80000)
  object space 69632K, 19% used [0x0000000081800000,0x00000000825064b0,0x0000000085c00000)
 Metaspace       used 34057K, capacity 35414K, committed 35496K, reserved 1079296K
  class space    used 4530K, capacity 4838K, committed 4864K, reserved 1048576K
}
Event: 31.165 GC heap before
{Heap before GC invocations=13 (full 2):
 PSYoungGen      total 157696K, used 150016K [0x00000000d5d80000, 0x00000000e0300000, 0x0000000100000000)
  eden space 150016K, 100% used [0x00000000d5d80000,0x00000000df000000,0x00000000df000000)
  from space 7680K, 0% used [0x00000000dfb80000,0x00000000dfb80000,0x00000000e0300000)
  to   space 9728K, 0% used [0x00000000df000000,0x00000000df000000,0x00000000df980000)
 ParOldGen       total 69632K, used 13337K [0x0000000081800000, 0x0000000085c00000, 0x00000000d5d80000)
  object space 69632K, 19% used [0x0000000081800000,0x00000000825064b0,0x0000000085c00000)
 Metaspace       used 43597K, capacity 45136K, committed 45440K, reserved 1089536K
  class space    used 5835K, capacity 6153K, committed 6272K, reserved 1048576K
Event: 31.194 GC heap after
Heap after GC invocations=13 (full 2):
 PSYoungGen      total 159744K, used 9716K [0x00000000d5d80000, 0x00000000e3d00000, 0x0000000100000000)
  eden space 150016K, 0% used [0x00000000d5d80000,0x00000000d5d80000,0x00000000df000000)
  from space 9728K, 99% used [0x00000000df000000,0x00000000df97d050,0x00000000df980000)
  to   space 11776K, 0% used [0x00000000e3180000,0x00000000e3180000,0x00000000e3d00000)
 ParOldGen       total 69632K, used 15709K [0x0000000081800000, 0x0000000085c00000, 0x00000000d5d80000)
  object space 69632K, 22% used [0x0000000081800000,0x0000000082757480,0x0000000085c00000)
 Metaspace       used 43597K, capacity 45136K, committed 45440K, reserved 1089536K
  class space    used 5835K, capacity 6153K, committed 6272K, reserved 1048576K
}
Event: 36.278 GC heap before
{Heap before GC invocations=14 (full 2):
 PSYoungGen      total 159744K, used 159732K [0x00000000d5d80000, 0x00000000e3d00000, 0x0000000100000000)
  eden space 150016K, 100% used [0x00000000d5d80000,0x00000000df000000,0x00000000df000000)
  from space 9728K, 99% used [0x00000000df000000,0x00000000df97d050,0x00000000df980000)
  to   space 11776K, 0% used [0x00000000e3180000,0x00000000e3180000,0x00000000e3d00000)
 ParOldGen       total 69632K, used 15709K [0x0000000081800000, 0x0000000085c00000, 0x00000000d5d80000)
  object space 69632K, 22% used [0x0000000081800000,0x0000000082757480,0x0000000085c00000)
 Metaspace       used 51198K, capacity 53248K, committed 53504K, reserved 1095680K
  class space    used 6981K, capacity 7375K, committed 7424K, reserved 1048576K
Event: 36.435 GC heap after
Heap after GC invocations=14 (full 2):
 PSYoungGen      total 161792K, used 8507K [0x00000000d5d80000, 0x00000000e3d00000, 0x0000000100000000)
  eden space 150016K, 0% used [0x00000000d5d80000,0x00000000d5d80000,0x00000000df000000)
  from space 11776K, 72% used [0x00000000e3180000,0x00000000e39cecb8,0x00000000e3d00000)
  to   space 9728K, 0% used [0x00000000df000000,0x00000000df000000,0x00000000df980000)
 ParOldGen       total 69632K, used 21175K [0x0000000081800000, 0x0000000085c00000, 0x00000000d5d80000)
  object space 69632K, 30% used [0x0000000081800000,0x0000000082cadef8,0x0000000085c00000)
 Metaspace       used 51198K, capacity 53248K, committed 53504K, reserved 1095680K
  class space    used 6981K, capacity 7375K, committed 7424K, reserved 1048576K
}

Deoptimization events (10 events):
Event: 36.713 Thread 0x00000000028ce000 Uncommon trap: reason=unhandled action=none pc=0x00000000033c6014 method=java.net.URLClassLoader.findClass(Ljava/lang/String;)Ljava/lang/Class; @ 44
Event: 36.716 Thread 0x00000000028ce000 Uncommon trap: reason=unhandled action=none pc=0x00000000033c6014 method=java.net.URLClassLoader.findClass(Ljava/lang/String;)Ljava/lang/Class; @ 44
Event: 36.716 Thread 0x00000000028ce000 Uncommon trap: reason=unhandled action=none pc=0x00000000033c6014 method=java.net.URLClassLoader.findClass(Ljava/lang/String;)Ljava/lang/Class; @ 44
Event: 36.815 Thread 0x00000000028ce000 Uncommon trap: reason=unhandled action=none pc=0x00000000033c6014 method=java.net.URLClassLoader.findClass(Ljava/lang/String;)Ljava/lang/Class; @ 44
Event: 36.815 Thread 0x00000000028ce000 Uncommon trap: reason=unhandled action=none pc=0x00000000033c6014 method=java.net.URLClassLoader.findClass(Ljava/lang/String;)Ljava/lang/Class; @ 44
Event: 36.816 Thread 0x00000000028ce000 Uncommon trap: reason=unhandled action=none pc=0x00000000033c6014 method=java.net.URLClassLoader.findClass(Ljava/lang/String;)Ljava/lang/Class; @ 44
Event: 36.816 Thread 0x00000000028ce000 Uncommon trap: reason=unhandled action=none pc=0x00000000033c6014 method=java.net.URLClassLoader.findClass(Ljava/lang/String;)Ljava/lang/Class; @ 44
Event: 36.817 Thread 0x00000000028ce000 Uncommon trap: reason=unhandled action=none pc=0x00000000033c6014 method=java.net.URLClassLoader.findClass(Ljava/lang/String;)Ljava/lang/Class; @ 44
Event: 36.819 Thread 0x00000000028ce000 Uncommon trap: reason=unhandled action=none pc=0x00000000033c6014 method=java.net.URLClassLoader.findClass(Ljava/lang/String;)Ljava/lang/Class; @ 44
Event: 36.820 Thread 0x00000000028ce000 Uncommon trap: reason=range_check action=none pc=0x0000000002faa9dc method=sun.reflect.generics.parser.SignatureParser.current()C @ 34

Classes redefined (0 events):
No events

Internal exceptions (10 events):
Event: 36.675 Thread 0x00000000028ce000 Exception <a 'java/lang/ClassNotFoundException': org/springframework/boot/autoconfigure/web/servlet/HttpEncodingAutoConfiguration$LocaleCharsetMappingsCustomizerCustomizer> (0x00000000d6363fa8) thrown at [C:\ade\jenkins\workspace\8-2-build-windows-amd64-c
Event: 36.675 Thread 0x00000000028ce000 Exception <a 'java/lang/ArrayIndexOutOfBoundsException': 199> (0x00000000d6366c18) thrown at [C:\ade\jenkins\workspace\8-2-build-windows-amd64-cygwin\jdk8u241\331\hotspot\src\share\vm\interpreter\interpreterRuntime.cpp, line 368]
Event: 36.676 Thread 0x00000000028ce000 Exception <a 'java/lang/ArrayIndexOutOfBoundsException': 6> (0x00000000d6367af8) thrown at [C:\ade\jenkins\workspace\8-2-build-windows-amd64-cygwin\jdk8u241\331\hotspot\src\share\vm\interpreter\interpreterRuntime.cpp, line 368]
Event: 36.676 Thread 0x00000000028ce000 Exception <a 'java/lang/ArrayIndexOutOfBoundsException': 6> (0x00000000d6368e90) thrown at [C:\ade\jenkins\workspace\8-2-build-windows-amd64-cygwin\jdk8u241\331\hotspot\src\share\vm\interpreter\interpreterRuntime.cpp, line 368]
Event: 36.680 Thread 0x00000000028ce000 Exception <a 'java/lang/ClassNotFoundException': org/springframework/boot/web/server/WebServerFactoryCustomizerCustomizer> (0x00000000d6390198) thrown at [C:\ade\jenkins\workspace\8-2-build-windows-amd64-cygwin\jdk8u241\331\hotspot\src\share\vm\classfile\
Event: 36.682 Thread 0x00000000028ce000 Exception <a 'java/lang/ClassNotFoundException': org/springframework/core/OrderedCustomizer> (0x00000000d63a9a38) thrown at [C:\ade\jenkins\workspace\8-2-build-windows-amd64-cygwin\jdk8u241\331\hotspot\src\share\vm\classfile\systemDictionary.cpp, line 210
Event: 36.746 Thread 0x00000000028ce000 Exception <a 'java/lang/NoSuchMethodError': java.lang.Object.lambda$and$0(Ljava/util/function/Predicate;Ljava/lang/Object;)Z> (0x00000000d6513768) thrown at [C:\ade\jenkins\workspace\8-2-build-windows-amd64-cygwin\jdk8u241\331\hotspot\src\share\vm\interpr
Event: 36.815 Thread 0x00000000028ce000 Exception <a 'java/lang/ClassNotFoundException': java/lang/ObjectCustomizer> (0x00000000d65ee388) thrown at [C:\ade\jenkins\workspace\8-2-build-windows-amd64-cygwin\jdk8u241\331\hotspot\src\share\vm\classfile\systemDictionary.cpp, line 210]
Event: 36.820 Thread 0x00000000028ce000 Exception <a 'java/lang/ClassNotFoundException': org/springframework/boot/autoconfigure/web/servlet/error/ErrorMvcAutoConfigurationCustomizer> (0x00000000d661bb88) thrown at [C:\ade\jenkins\workspace\8-2-build-windows-amd64-cygwin\jdk8u241\331\hotspot\src
Event: 36.821 Thread 0x00000000028ce000 Exception <a 'java/lang/ArrayIndexOutOfBoundsException': 269> (0x00000000d661f7c0) thrown at [C:\ade\jenkins\workspace\8-2-build-windows-amd64-cygwin\jdk8u241\331\hotspot\src\share\vm\interpreter\interpreterRuntime.cpp, line 368]

Events (10 events):
Event: 36.820 Thread 0x00000000028ce000 DEOPT UNPACKING pc=0x0000000002b37890 sp=0x00000000028bbeb0 mode 1
Event: 36.820 Thread 0x00000000028ce000 DEOPT PACKING pc=0x00000000033302a4 sp=0x00000000028bc1f0
Event: 36.820 Thread 0x00000000028ce000 DEOPT UNPACKING pc=0x0000000002b37890 sp=0x00000000028bbff8 mode 1
Event: 36.820 loading class org/springframework/boot/autoconfigure/web/servlet/error/ErrorMvcAutoConfigurationCustomizer
Event: 36.820 loading class org/springframework/boot/autoconfigure/web/servlet/error/ErrorMvcAutoConfigurationCustomizer done
Event: 36.820 Thread 0x00000000028ce000 DEOPT PACKING pc=0x0000000003186adc sp=0x00000000028bc230
Event: 36.820 Thread 0x00000000028ce000 DEOPT UNPACKING pc=0x0000000002b37890 sp=0x00000000028bbf88 mode 1
Event: 36.820 Thread 0x00000000028ce000 Uncommon trap: trap_request=0xffffffe7 fr.pc=0x0000000002faa9dc
Event: 36.820 Thread 0x00000000028ce000 DEOPT PACKING pc=0x0000000002faa9dc sp=0x00000000028bbf70
Event: 36.820 Thread 0x00000000028ce000 DEOPT UNPACKING pc=0x0000000002b3583b sp=0x00000000028bbf08 mode 2


Dynamic libraries:
0x00007ff661840000 - 0x00007ff661877000 	C:\Program Files\Java\jre1.8.0_241\bin\javaw.exe
0x00007ff8fa4a0000 - 0x00007ff8fa690000 	C:\Windows\SYSTEM32\ntdll.dll
0x00007ff8f8950000 - 0x00007ff8f8a02000 	C:\Windows\System32\KERNEL32.DLL
0x00007ff8f7e80000 - 0x00007ff8f8122000 	C:\Windows\System32\KERNELBASE.dll
0x00007ff8f8ac0000 - 0x00007ff8f8b63000 	C:\Windows\System32\ADVAPI32.dll
0x00007ff8f8a20000 - 0x00007ff8f8abe000 	C:\Windows\System32\msvcrt.dll
0x00007ff8f86e0000 - 0x00007ff8f8777000 	C:\Windows\System32\sechost.dll
0x00007ff8f9760000 - 0x00007ff8f9880000 	C:\Windows\System32\RPCRT4.dll
0x00007ff8fa2c0000 - 0x00007ff8fa453000 	C:\Windows\System32\USER32.dll
0x00007ff8f7e00000 - 0x00007ff8f7e21000 	C:\Windows\System32\win32u.dll
0x00007ff8f98b0000 - 0x00007ff8f98d6000 	C:\Windows\System32\GDI32.dll
0x00007ff8f7430000 - 0x00007ff8f75c4000 	C:\Windows\System32\gdi32full.dll
0x00007ff8f8280000 - 0x00007ff8f831e000 	C:\Windows\System32\msvcp_win.dll
0x00007ff8f8460000 - 0x00007ff8f855a000 	C:\Windows\System32\ucrtbase.dll
0x00007ff8e5570000 - 0x00007ff8e57f5000 	C:\Windows\WinSxS\amd64_microsoft.windows.common-controls_6595b64144ccf1df_6.0.18362.1_none_d1d7e625244f8f11\COMCTL32.dll
0x00007ff8f93a0000 - 0x00007ff8f96d6000 	C:\Windows\System32\combase.dll
0x00007ff8f83d0000 - 0x00007ff8f8451000 	C:\Windows\System32\bcryptPrimitives.dll
0x00007ff8f9ad0000 - 0x00007ff8f9afe000 	C:\Windows\System32\IMM32.DLL
0x0000000069ce0000 - 0x0000000069db2000 	C:\Program Files\Java\jre1.8.0_241\bin\msvcr100.dll
0x00000000677c0000 - 0x000000006806c000 	C:\Program Files\Java\jre1.8.0_241\bin\server\jvm.dll
0x00007ff8f8f20000 - 0x00007ff8f8f28000 	C:\Windows\System32\PSAPI.DLL
0x00007ff8e9020000 - 0x00007ff8e9029000 	C:\Windows\SYSTEM32\WSOCK32.dll
0x00007ff8f8d80000 - 0x00007ff8f8def000 	C:\Windows\System32\WS2_32.dll
0x00007ff8f5560000 - 0x00007ff8f5584000 	C:\Windows\SYSTEM32\WINMM.dll
0x00007ff8f31d0000 - 0x00007ff8f31da000 	C:\Windows\SYSTEM32\VERSION.dll
0x00007ff8f55c0000 - 0x00007ff8f55ed000 	C:\Windows\SYSTEM32\WINMMBASE.dll
0x00007ff8f7e30000 - 0x00007ff8f7e7a000 	C:\Windows\System32\cfgmgr32.dll
0x00007ff8f0ef0000 - 0x00007ff8f0eff000 	C:\Program Files\Java\jre1.8.0_241\bin\verify.dll
0x00007ff8c6780000 - 0x00007ff8c67a9000 	C:\Program Files\Java\jre1.8.0_241\bin\java.dll
0x00007ff8eb200000 - 0x00007ff8eb235000 	C:\Program Files\Java\jre1.8.0_241\bin\jdwp.dll
0x00007ff8f5690000 - 0x00007ff8f5698000 	C:\Program Files\Java\jre1.8.0_241\bin\npt.dll
0x00007ff8eb460000 - 0x00007ff8eb483000 	C:\Program Files\Java\jre1.8.0_241\bin\instrument.dll
0x00007ff8be5f0000 - 0x00007ff8be606000 	C:\Program Files\Java\jre1.8.0_241\bin\zip.dll
0x00007ff8f9b00000 - 0x00007ff8fa1e0000 	C:\Windows\System32\SHELL32.dll
0x00007ff8f9a20000 - 0x00007ff8f9ac9000 	C:\Windows\System32\shcore.dll
0x00007ff8f7600000 - 0x00007ff8f7d7b000 	C:\Windows\System32\windows.storage.dll
0x00007ff8f7410000 - 0x00007ff8f742f000 	C:\Windows\System32\profapi.dll
0x00007ff8f7380000 - 0x00007ff8f73ca000 	C:\Windows\System32\powrprof.dll
0x00007ff8f7370000 - 0x00007ff8f7380000 	C:\Windows\System32\UMPDC.dll
0x00007ff8f8d20000 - 0x00007ff8f8d72000 	C:\Windows\System32\shlwapi.dll
0x00007ff8f73d0000 - 0x00007ff8f73e1000 	C:\Windows\System32\kernel.appcore.dll
0x00007ff8f7d80000 - 0x00007ff8f7d97000 	C:\Windows\System32\cryptsp.dll
0x00007ff8f3e60000 - 0x00007ff8f3e69000 	C:\Program Files\Java\jre1.8.0_241\bin\dt_socket.dll
0x00007ff8e4f90000 - 0x00007ff8e4fa6000 	C:\Windows\system32\napinsp.dll
0x00007ff8e5840000 - 0x00007ff8e585a000 	C:\Windows\system32\pnrpnsp.dll
0x00007ff8f6b30000 - 0x00007ff8f6b97000 	C:\Windows\System32\mswsock.dll
0x00007ff8f68e0000 - 0x00007ff8f69aa000 	C:\Windows\SYSTEM32\DNSAPI.dll
0x00007ff8f8a10000 - 0x00007ff8f8a18000 	C:\Windows\System32\NSI.dll
0x00007ff8f68a0000 - 0x00007ff8f68da000 	C:\Windows\SYSTEM32\IPHLPAPI.DLL
0x00007ff8e4c30000 - 0x00007ff8e4c3e000 	C:\Windows\System32\winrnr.dll
0x00007ff8f3be0000 - 0x00007ff8f3bfc000 	C:\Windows\system32\NLAapi.dll
0x00007ff8e44d0000 - 0x00007ff8e44e5000 	C:\Windows\system32\wshbth.dll
0x00007ff8f1250000 - 0x00007ff8f12c7000 	C:\Windows\System32\fwpuclnt.dll
0x00007ff8f75d0000 - 0x00007ff8f75f6000 	C:\Windows\System32\bcrypt.dll
0x00007ff8f04d0000 - 0x00007ff8f04da000 	C:\Windows\System32\rasadhlp.dll
0x00007ff8bdca0000 - 0x00007ff8bdcba000 	C:\Program Files\Java\jre1.8.0_241\bin\net.dll
0x00007ff8f3cc0000 - 0x00007ff8f3ccd000 	C:\Program Files\Java\jre1.8.0_241\bin\management.dll
0x00007ff8bdc80000 - 0x00007ff8bdc92000 	C:\Program Files\Java\jre1.8.0_241\bin\nio.dll
0x00007ff8f6700000 - 0x00007ff8f6733000 	C:\Windows\system32\rsaenh.dll
0x00007ff8f7290000 - 0x00007ff8f72b5000 	C:\Windows\SYSTEM32\USERENV.dll
0x00007ff8f6cb0000 - 0x00007ff8f6cbc000 	C:\Windows\SYSTEM32\CRYPTBASE.dll
0x00007ff8f1a20000 - 0x00007ff8f1a36000 	C:\Windows\SYSTEM32\dhcpcsvc6.DLL
0x00007ff8f13c0000 - 0x00007ff8f13dc000 	C:\Windows\SYSTEM32\dhcpcsvc.DLL
0x00007ff8be0b0000 - 0x00007ff8be0d4000 	C:\Program Files\Java\jre1.8.0_241\bin\sunec.dll
0x00007ff8ef770000 - 0x00007ff8ef77b000 	C:\Program Files\Java\jre1.8.0_241\bin\sunmscapi.dll
0x00007ff8f8130000 - 0x00007ff8f8279000 	C:\Windows\System32\CRYPT32.dll
0x00007ff8f73f0000 - 0x00007ff8f7402000 	C:\Windows\System32\MSASN1.dll

VM Arguments:
jvm_args: -agentlib:jdwp=transport=dt_socket,suspend=y,address=localhost:54657 -ea -javaagent:C:\Users\User\Downloads\sts-bundle\sts-3.9.10.RELEASE\configuration\org.eclipse.osgi\308\0\.cp\lib\javaagent-shaded.jar -Dfile.encoding=UTF-8 
java_command: org.eclipse.jdt.internal.junit.runner.RemoteTestRunner -version 3 -port 54653 -testLoaderClass org.eclipse.jdt.internal.junit4.runner.JUnit4TestLoader -loaderpluginname org.eclipse.jdt.junit4.runtime -classNames nal.example.sonnpt.unittest.UnitTestService
java_class_path (initial): E:\TestNal\nal-service\target\test-classes;E:\TestNal\nal-service\target\classes;C:\Users\User\Downloads\sts-bundle\sts-3.9.10.RELEASE\plugins\org.junit_4.12.0.v201504281640\junit.jar;C:\Users\User\Downloads\sts-bundle\sts-3.9.10.RELEASE\plugins\org.hamcrest.core_1.3.0.v20180420-1519.jar;C:\Users\User\.m2\repository\org\springframework\boot\spring-boot-starter-web\2.2.6.RELEASE\spring-boot-starter-web-2.2.6.RELEASE.jar;C:\Users\User\.m2\repository\org\springframework\boot\spring-boot-starter\2.2.6.RELEASE\spring-boot-starter-2.2.6.RELEASE.jar;C:\Users\User\.m2\repository\org\springframework\boot\spring-boot\2.2.6.RELEASE\spring-boot-2.2.6.RELEASE.jar;C:\Users\User\.m2\repository\org\springframework\boot\spring-boot-autoconfigure\2.2.6.RELEASE\spring-boot-autoconfigure-2.2.6.RELEASE.jar;C:\Users\User\.m2\repository\org\springframework\boot\spring-boot-starter-logging\2.2.6.RELEASE\spring-boot-starter-logging-2.2.6.RELEASE.jar;C:\Users\User\.m2\repository\ch\qos\logback\logback-classic\1.2.3\logback-classic-1.2.3.jar;C:\Users\User\.m2\repository\ch\qos\logback\logback-core\1.2.3\logback-core-1.2.3.jar;C:\Users\User\.m2\repository\org\apache\logging\log4j\log4j-to-slf4j\2.12.1\log4j-to-slf4j-2.12.1.jar;C:\Users\User\.m2\repository\org\apache\logging\log4j\log4j-api\2.12.1\log4j-api-2.12.1.jar;C:\Users\User\.m2\repository\org\slf4j\jul-to-slf4j\1.7.30\jul-to-slf4j-1.7.30.jar;C:\Users\User\.m2\repository\jakarta\annotation\jakarta.annotation-api\1.3.5\jakarta.annotation-api-1.3.5.jar;C:\Users\User\.m2\repository\org\yaml\snakeyaml\1.25\snakeyaml-1.25.jar;C:\Users\User\.m2\repository\org\springframework\boot\spring-boot-starter-json\2.2.6.RELEASE\spring-boot-starter-json-2.2.6.RELEASE.jar;C:\Users\User\.m2\repository\com\fasterxml\jackson\core\jackson-databind\2.10.3\jackson-databind-2.10.3.jar;C:\Users\User\.m2\repository\com\fasterxml\jackson\core\jackson-annotations\2.10.3\jackson-annotations-2.10.3.jar;C:\Users\User\.m2\repository\com\fast
Launcher Type: SUN_STANDARD

Environment Variables:
JAVA_HOME=C:\Program Files\Java\jdk1.8.0_241
PATH=C:/Program Files/Java/jre1.8.0_241/bin/server;C:/Program Files/Java/jre1.8.0_241/bin;C:/Program Files/Java/jre1.8.0_241/lib/amd64;C:\Program Files (x86)\Common Files\Oracle\Java\javapath;C:\Program Files (x86)\NetSarang\Xftp 6\;C:\ProgramData\DockerDesktop\version-bin;C:\Program Files\Docker\Docker\Resources\bin;C:\Windows\system32;C:\Windows;C:\Windows\System32\Wbem;C:\Windows\System32\WindowsPowerShell\v1.0\;C:\Windows\System32\OpenSSH\;C:\Program Files\Java\jdk-11.0.6\bin;C:\Users\User\maven\apache-maven-3.6.2\bin;C:\Program Files\nodejs\;C:\Program Files\Git\cmd;C:\Program Files\Microsoft SQL Server\130\Tools\Binn\;C:\Program Files\dotnet\;C:\Program Files\Microsoft SQL Server\Client SDK\ODBC\170\Tools\Binn\;C:\Program Files\Amazon\AWSCLI\bin\;C:\Program Files (x86)\WinMerge;C:\Program Files\TortoiseGit\bin;E:\Sonar\sonar-scanner-2.6.1\bin;C:\Program Files\MySQL\MySQL Shell 8.0\bin\;C:\Users\User\AppData\Local\Microsoft\WindowsApps;C:\Program Files\JetBrains\IntelliJ IDEA 2019.2.4\bin;C:\Users\User\AppData\Local\Programs\Microsoft VS Code\bin;C:\Users\User\AppData\Roaming\npm;C:\Users\User\.dotnet\tools;;C:\Users\User\Downloads\sts-bundle\sts-3.9.10.RELEASE;
USERNAME=User
OS=Windows_NT
PROCESSOR_IDENTIFIER=Intel64 Family 6 Model 142 Stepping 9, GenuineIntel



---------------  S Y S T E M  ---------------

OS: Windows 10.0 , 64 bit Build 18362 (10.0.18362.1)

CPU:total 4 (initial active 4) (2 cores per cpu, 2 threads per core) family 6 model 142 stepping 9, cmov, cx8, fxsr, mmx, sse, sse2, sse3, ssse3, sse4.1, sse4.2, popcnt, avx, avx2, aes, clmul, erms, 3dnowpref, lzcnt, ht, tsc, tscinvbit, bmi1, bmi2, adx

Memory: 4k page, physical 8286348k(335612k free), swap 20867464k(5708k free)

vm_info: Java HotSpot(TM) 64-Bit Server VM (25.241-b07) for windows-amd64 JRE (1.8.0_241-b07), built on Dec 11 2019 10:21:40 by "rejava" with MS VC++ 10.0 (VS2010)

time: Sat Apr 04 14:45:49 2020
timezone: SE Asia Standard Time
elapsed time: 36 seconds (0d 0h 0m 36s)

